This file contains any messages produced by compilers while
running configure, to aid debugging if configure makes a mistake.

It was created by configure, which was
generated by GNU Autoconf 2.61.  Invocation command line was

  $ ./configure 

## --------- ##
## Platform. ##
## --------- ##

hostname = vitroid-yellow.local
uname -m = x86_64
uname -r = 11.3.0
uname -s = Darwin
uname -v = Darwin Kernel Version 11.3.0: Thu Jan 12 18:47:41 PST 2012; root:xnu-1699.24.23~1/RELEASE_X86_64

/usr/bin/uname -p = i386
/bin/uname -X     = unknown

/bin/arch              = unknown
/usr/bin/arch -k       = unknown
/usr/convex/getsysinfo = unknown
/usr/bin/hostinfo      = Mach kernel version:
	 Darwin Kernel Version 11.3.0: Thu Jan 12 18:47:41 PST 2012; root:xnu-1699.24.23~1/RELEASE_X86_64
Kernel configured for up to 4 processors.
2 processors are physically available.
4 processors are logically available.
Processor type: i486 (Intel 80486)
Processors active: 0 1 2 3
Primary memory available: 8.00 gigabytes
Default processor set: 185 tasks, 898 threads, 4 processors
Load average: 2.84, Mach factor: 1.56
/bin/machine           = unknown
/usr/bin/oslevel       = unknown
/bin/universe          = unknown

PATH: /opt/local/bin
PATH: /opt/local/sbin
PATH: /usr/bin
PATH: /bin
PATH: /usr/sbin
PATH: /sbin
PATH: /usr/local/bin
PATH: /usr/X11/bin


## ----------- ##
## Core tests. ##
## ----------- ##

configure:1786: checking for a BSD-compatible install
configure:1842: result: /usr/bin/install -c
configure:1853: checking whether build environment is sane
configure:1896: result: yes
configure:1920: WARNING: `missing' script is too old or missing
configure:1924: checking for a thread-safe mkdir -p
configure:1963: result: ./install-sh -c -d
configure:1976: checking for gawk
configure:2006: result: no
configure:1976: checking for mawk
configure:2006: result: no
configure:1976: checking for nawk
configure:2006: result: no
configure:1976: checking for awk
configure:1992: found /usr/bin/awk
configure:2003: result: awk
configure:2014: checking whether make sets $(MAKE)
configure:2035: result: yes
configure:2228: checking for gawk
configure:2255: result: awk
configure:2314: checking for gcc
configure:2330: found /usr/bin/gcc
configure:2341: result: gcc
configure:2579: checking for C compiler version
configure:2586: gcc --version >&5
i686-apple-darwin11-llvm-gcc-4.2 (GCC) 4.2.1 (Based on Apple Inc. build 5658) (LLVM build 2336.1.00)
Copyright (C) 2007 Free Software Foundation, Inc.
This is free software; see the source for copying conditions.  There is NO
warranty; not even for MERCHANTABILITY or FITNESS FOR A PARTICULAR PURPOSE.

configure:2589: $? = 0
configure:2596: gcc -v >&5
Using built-in specs.
Target: i686-apple-darwin11
Configured with: /private/var/tmp/llvmgcc42/llvmgcc42-2336.1~1/src/configure --disable-checking --enable-werror --prefix=/Developer/usr/llvm-gcc-4.2 --mandir=/share/man --enable-languages=c,objc,c++,obj-c++ --program-prefix=llvm- --program-transform-name=/^[cg][^.-]*$/s/$/-4.2/ --with-slibdir=/usr/lib --build=i686-apple-darwin11 --enable-llvm=/private/var/tmp/llvmgcc42/llvmgcc42-2336.1~1/dst-llvmCore/Developer/usr/local --program-prefix=i686-apple-darwin11- --host=x86_64-apple-darwin11 --target=i686-apple-darwin11 --with-gxx-include-dir=/usr/include/c++/4.2.1
Thread model: posix
gcc version 4.2.1 (Based on Apple Inc. build 5658) (LLVM build 2336.1.00)
configure:2599: $? = 0
configure:2606: gcc -V >&5
llvm-gcc-4.2: argument to `-V' is missing
configure:2609: $? = 1
configure:2632: checking for C compiler default output file name
configure:2659: gcc    conftest.c  >&5
configure:2662: $? = 0
configure:2700: result: a.out
configure:2717: checking whether the C compiler works
configure:2727: ./a.out
configure:2730: $? = 0
configure:2747: result: yes
configure:2754: checking whether we are cross compiling
configure:2756: result: no
configure:2759: checking for suffix of executables
configure:2766: gcc -o conftest    conftest.c  >&5
configure:2769: $? = 0
configure:2793: result: 
configure:2799: checking for suffix of object files
configure:2825: gcc -c   conftest.c >&5
configure:2828: $? = 0
configure:2851: result: o
configure:2855: checking whether we are using the GNU C compiler
configure:2884: gcc -c   conftest.c >&5
configure:2890: $? = 0
configure:2907: result: yes
configure:2912: checking whether gcc accepts -g
configure:2942: gcc -c -g  conftest.c >&5
configure:2948: $? = 0
configure:3047: result: yes
configure:3064: checking for gcc option to accept ISO C89
configure:3138: gcc  -c -g -O2  conftest.c >&5
configure:3144: $? = 0
configure:3167: result: none needed
configure:3196: checking for style of include used by make
configure:3224: result: GNU
configure:3249: checking dependency style of gcc
configure:3340: result: gcc3
configure:3368: checking for a BSD-compatible install
configure:3424: result: /usr/bin/install -c
configure:3435: checking whether ln -s works
configure:3439: result: yes
configure:3459: checking for a BSD-compatible install
configure:3515: result: /usr/bin/install -c
configure:3533: checking how to run the C preprocessor
configure:3573: gcc -E  conftest.c
configure:3579: $? = 0
configure:3610: gcc -E  conftest.c
conftest.c:10:28: error: ac_nonexistent.h: No such file or directory
configure:3616: $? = 1
configure: failed program was:
| /* confdefs.h.  */
| #define PACKAGE_NAME ""
| #define PACKAGE_TARNAME ""
| #define PACKAGE_VERSION ""
| #define PACKAGE_STRING ""
| #define PACKAGE_BUGREPORT ""
| #define PACKAGE "yaplot"
| #define VERSION "3.3"
| /* end confdefs.h.  */
| #include <ac_nonexistent.h>
configure:3649: result: gcc -E
configure:3678: gcc -E  conftest.c
configure:3684: $? = 0
configure:3715: gcc -E  conftest.c
conftest.c:10:28: error: ac_nonexistent.h: No such file or directory
configure:3721: $? = 1
configure: failed program was:
| /* confdefs.h.  */
| #define PACKAGE_NAME ""
| #define PACKAGE_TARNAME ""
| #define PACKAGE_VERSION ""
| #define PACKAGE_STRING ""
| #define PACKAGE_BUGREPORT ""
| #define PACKAGE "yaplot"
| #define VERSION "3.3"
| /* end confdefs.h.  */
| #include <ac_nonexistent.h>
configure:3759: checking for X
configure:3874: gcc -E  conftest.c
configure:3880: $? = 0
configure:3929: gcc -o conftest -g -O2   conftest.c -lX11  >&5
ld: library not found for -lX11
collect2: ld returned 1 exit status
configure:3935: $? = 1
configure: failed program was:
| /* confdefs.h.  */
| #define PACKAGE_NAME ""
| #define PACKAGE_TARNAME ""
| #define PACKAGE_VERSION ""
| #define PACKAGE_STRING ""
| #define PACKAGE_BUGREPORT ""
| #define PACKAGE "yaplot"
| #define VERSION "3.3"
| /* end confdefs.h.  */
| #include <X11/Xlib.h>
| int
| main ()
| {
| XrmInitialize ()
|   ;
|   return 0;
| }
configure:3994: result: libraries /usr/X11/lib, headers 
configure:4016: checking whether -R must be followed by a space
configure:4042: gcc -o conftest -g -O2   conftest.c  -R/usr/X11/lib >&5
configure:4048: $? = 0
configure:4054: result: no
configure:4155: gcc -o conftest -g -O2   conftest.c   -L/usr/X11/lib -R/usr/X11/lib -lX11 >&5
configure:4161: $? = 0
configure:4318: checking for gethostbyname
configure:4374: gcc -o conftest -g -O2   conftest.c  >&5
configure:4380: $? = 0
configure:4397: result: yes
configure:4542: checking for connect
configure:4598: gcc -o conftest -g -O2   conftest.c  >&5
configure:4604: $? = 0
configure:4621: result: yes
configure:4693: checking for remove
configure:4749: gcc -o conftest -g -O2   conftest.c  >&5
configure:4755: $? = 0
configure:4772: result: yes
configure:4844: checking for shmat
configure:4900: gcc -o conftest -g -O2   conftest.c  >&5
configure:4906: $? = 0
configure:4923: result: yes
configure:5004: checking for IceConnectionNumber in -lICE
configure:5039: gcc -o conftest -g -O2   -L/usr/X11/lib conftest.c -lICE   >&5
configure:5045: $? = 0
configure:5063: result: yes
configure:5075: checking for main in -lm
configure:5104: gcc -o conftest -g -O2   conftest.c -lm   >&5
configure:5110: $? = 0
configure:5128: result: yes
configure:5140: checking for powif in -lm
configure:5175: gcc -o conftest -g -O2   conftest.c -lm  -lm  >&5
Undefined symbols for architecture x86_64:
  "_powif", referenced from:
      _main in cckJmc75.o
ld: symbol(s) not found for architecture x86_64
collect2: ld returned 1 exit status
configure:5181: $? = 1
configure: failed program was:
| /* confdefs.h.  */
| #define PACKAGE_NAME ""
| #define PACKAGE_TARNAME ""
| #define PACKAGE_VERSION ""
| #define PACKAGE_STRING ""
| #define PACKAGE_BUGREPORT ""
| #define PACKAGE "yaplot"
| #define VERSION "3.3"
| #define HAVE_LIBM 1
| /* end confdefs.h.  */
| 
| /* Override any GCC internal prototype to avoid an error.
|    Use char because int might match the return type of a GCC
|    builtin and then its argument prototype would still apply.  */
| #ifdef __cplusplus
| extern "C"
| #endif
| char powif ();
| int
| main ()
| {
| return powif ();
|   ;
|   return 0;
| }
configure:5199: result: no
configure:5206: checking for grep that handles long lines and -e
configure:5280: result: /usr/bin/grep
configure:5285: checking for egrep
configure:5363: result: /usr/bin/grep -E
configure:5368: checking for ANSI C header files
configure:5398: gcc -c -g -O2  conftest.c >&5
configure:5404: $? = 0
configure:5503: gcc -o conftest -g -O2   conftest.c -lm  >&5
configure:5506: $? = 0
configure:5512: ./conftest
configure:5515: $? = 0
configure:5532: result: yes
configure:5556: checking for sys/types.h
configure:5577: gcc -c -g -O2  conftest.c >&5
configure:5583: $? = 0
configure:5599: result: yes
configure:5556: checking for sys/stat.h
configure:5577: gcc -c -g -O2  conftest.c >&5
configure:5583: $? = 0
configure:5599: result: yes
configure:5556: checking for stdlib.h
configure:5577: gcc -c -g -O2  conftest.c >&5
configure:5583: $? = 0
configure:5599: result: yes
configure:5556: checking for string.h
configure:5577: gcc -c -g -O2  conftest.c >&5
configure:5583: $? = 0
configure:5599: result: yes
configure:5556: checking for memory.h
configure:5577: gcc -c -g -O2  conftest.c >&5
configure:5583: $? = 0
configure:5599: result: yes
configure:5556: checking for strings.h
configure:5577: gcc -c -g -O2  conftest.c >&5
configure:5583: $? = 0
configure:5599: result: yes
configure:5556: checking for inttypes.h
configure:5577: gcc -c -g -O2  conftest.c >&5
configure:5583: $? = 0
configure:5599: result: yes
configure:5556: checking for stdint.h
configure:5577: gcc -c -g -O2  conftest.c >&5
configure:5583: $? = 0
configure:5599: result: yes
configure:5556: checking for unistd.h
configure:5577: gcc -c -g -O2  conftest.c >&5
configure:5583: $? = 0
configure:5599: result: yes
configure:5627: checking sys/time.h usability
configure:5644: gcc -c -g -O2  conftest.c >&5
configure:5650: $? = 0
configure:5664: result: yes
configure:5668: checking sys/time.h presence
configure:5683: gcc -E  conftest.c
configure:5689: $? = 0
configure:5703: result: yes
configure:5731: checking for sys/time.h
configure:5739: result: yes
configure:5617: checking for unistd.h
configure:5623: result: yes
configure:5767: checking gtk/gtk.h usability
configure:5784: gcc -c -g -O2  conftest.c >&5
conftest.c:56:21: error: gtk/gtk.h: No such file or directory
configure:5790: $? = 1
configure: failed program was:
| /* confdefs.h.  */
| #define PACKAGE_NAME ""
| #define PACKAGE_TARNAME ""
| #define PACKAGE_VERSION ""
| #define PACKAGE_STRING ""
| #define PACKAGE_BUGREPORT ""
| #define PACKAGE "yaplot"
| #define VERSION "3.3"
| #define HAVE_LIBM 1
| #define STDC_HEADERS 1
| #define HAVE_SYS_TYPES_H 1
| #define HAVE_SYS_STAT_H 1
| #define HAVE_STDLIB_H 1
| #define HAVE_STRING_H 1
| #define HAVE_MEMORY_H 1
| #define HAVE_STRINGS_H 1
| #define HAVE_INTTYPES_H 1
| #define HAVE_STDINT_H 1
| #define HAVE_UNISTD_H 1
| #define HAVE_SYS_TIME_H 1
| #define HAVE_UNISTD_H 1
| /* end confdefs.h.  */
| #include <stdio.h>
| #ifdef HAVE_SYS_TYPES_H
| # include <sys/types.h>
| #endif
| #ifdef HAVE_SYS_STAT_H
| # include <sys/stat.h>
| #endif
| #ifdef STDC_HEADERS
| # include <stdlib.h>
| # include <stddef.h>
| #else
| # ifdef HAVE_STDLIB_H
| #  include <stdlib.h>
| # endif
| #endif
| #ifdef HAVE_STRING_H
| # if !defined STDC_HEADERS && defined HAVE_MEMORY_H
| #  include <memory.h>
| # endif
| # include <string.h>
| #endif
| #ifdef HAVE_STRINGS_H
| # include <strings.h>
| #endif
| #ifdef HAVE_INTTYPES_H
| # include <inttypes.h>
| #endif
| #ifdef HAVE_STDINT_H
| # include <stdint.h>
| #endif
| #ifdef HAVE_UNISTD_H
| # include <unistd.h>
| #endif
| #include <gtk/gtk.h>
configure:5804: result: no
configure:5808: checking gtk/gtk.h presence
configure:5823: gcc -E  conftest.c
conftest.c:23:21: error: gtk/gtk.h: No such file or directory
configure:5829: $? = 1
configure: failed program was:
| /* confdefs.h.  */
| #define PACKAGE_NAME ""
| #define PACKAGE_TARNAME ""
| #define PACKAGE_VERSION ""
| #define PACKAGE_STRING ""
| #define PACKAGE_BUGREPORT ""
| #define PACKAGE "yaplot"
| #define VERSION "3.3"
| #define HAVE_LIBM 1
| #define STDC_HEADERS 1
| #define HAVE_SYS_TYPES_H 1
| #define HAVE_SYS_STAT_H 1
| #define HAVE_STDLIB_H 1
| #define HAVE_STRING_H 1
| #define HAVE_MEMORY_H 1
| #define HAVE_STRINGS_H 1
| #define HAVE_INTTYPES_H 1
| #define HAVE_STDINT_H 1
| #define HAVE_UNISTD_H 1
| #define HAVE_SYS_TIME_H 1
| #define HAVE_UNISTD_H 1
| /* end confdefs.h.  */
| #include <gtk/gtk.h>
configure:5843: result: no
configure:5871: checking for gtk/gtk.h
configure:5879: result: no
configure:5893: checking for an ANSI C-conforming const
configure:5968: gcc -c -g -O2  conftest.c >&5
configure:5974: $? = 0
configure:5989: result: yes
configure:5999: checking for size_t
configure:6029: gcc -c -g -O2  conftest.c >&5
configure:6035: $? = 0
configure:6050: result: yes
configure:6088: checking for pkg-config
configure:6106: found /usr/local/bin/pkg-config
configure:6119: result: /usr/local/bin/pkg-config
configure:6141: checking for GTK+ - version >= 2.0.0
configure:6261: gcc -o conftest -g -O2 -D_REENTRANT -I/usr/local/Cellar/gtk+/2.24.6/include/gtk-2.0 -I/usr/local/Cellar/gtk+/2.24.6/lib/gtk-2.0/include -I/usr/local/Cellar/atk/2.2.0/include/atk-1.0 -I/usr/local/Cellar/gdk-pixbuf/2.24.0/include/gdk-pixbuf-2.0 -I/usr/local/Cellar/pango/1.28.4/include/pango-1.0 -I/usr/local/Cellar/glib/2.28.4/include/glib-2.0 -I/usr/local/Cellar/glib/2.28.4/lib/glib-2.0/include -I/usr/local/Cellar/gettext/0.18.1.1/include -I/usr/local/Cellar/glib/2.28.4/include -I/usr/X11/include/cairo -I/usr/X11/include/pixman-1 -I/usr/X11/include -I/usr/X11/include/freetype2 -I/usr/X11/include/libpng15     conftest.c -L/usr/local/Cellar/gtk+/2.24.6/lib -L/usr/local/Cellar/atk/2.2.0/lib -L/usr/local/Cellar/gdk-pixbuf/2.24.0/lib -L/usr/local/Cellar/glib/2.28.4/lib -L/usr/local/Cellar/pango/1.28.4/lib -L/usr/local/Cellar/gettext/0.18.1.1/lib -L/usr/X11/lib -lgtk-x11-2.0 -lgdk-x11-2.0 -latk-1.0 -lgio-2.0 -lpangoft2-1.0 -lpangocairo-1.0 -lgdk_pixbuf-2.0 -lcairo -lpango-1.0 -lfreetype -lfontconfig -lgobject-2.0 -lgmodule-2.0 -lgthread-2.0 -lglib-2.0 -lintl   -lm  >&5
configure:6264: $? = 0
configure:6270: ./conftest
configure:6273: $? = 0
configure:6293: result: yes (version 2.24.6)
configure:6384: checking for gdk-pixbuf-config
configure:6415: result: no
configure:6424: checking for main in -lgdk
configure:6453: gcc -o conftest -g -O2   conftest.c -lgdk  -lm  >&5
ld: library not found for -lgdk
collect2: ld returned 1 exit status
configure:6459: $? = 1
configure: failed program was:
| /* confdefs.h.  */
| #define PACKAGE_NAME ""
| #define PACKAGE_TARNAME ""
| #define PACKAGE_VERSION ""
| #define PACKAGE_STRING ""
| #define PACKAGE_BUGREPORT ""
| #define PACKAGE "yaplot"
| #define VERSION "3.3"
| #define HAVE_LIBM 1
| #define STDC_HEADERS 1
| #define HAVE_SYS_TYPES_H 1
| #define HAVE_SYS_STAT_H 1
| #define HAVE_STDLIB_H 1
| #define HAVE_STRING_H 1
| #define HAVE_MEMORY_H 1
| #define HAVE_STRINGS_H 1
| #define HAVE_INTTYPES_H 1
| #define HAVE_STDINT_H 1
| #define HAVE_UNISTD_H 1
| #define HAVE_SYS_TIME_H 1
| #define HAVE_UNISTD_H 1
| /* end confdefs.h.  */
| 
| 
| int
| main ()
| {
| return main ();
|   ;
|   return 0;
| }
configure:6477: result: no
configure:6489: checking for main in -lglib
configure:6518: gcc -o conftest -g -O2   conftest.c -lglib  -lm  >&5
ld: library not found for -lglib
collect2: ld returned 1 exit status
configure:6524: $? = 1
configure: failed program was:
| /* confdefs.h.  */
| #define PACKAGE_NAME ""
| #define PACKAGE_TARNAME ""
| #define PACKAGE_VERSION ""
| #define PACKAGE_STRING ""
| #define PACKAGE_BUGREPORT ""
| #define PACKAGE "yaplot"
| #define VERSION "3.3"
| #define HAVE_LIBM 1
| #define STDC_HEADERS 1
| #define HAVE_SYS_TYPES_H 1
| #define HAVE_SYS_STAT_H 1
| #define HAVE_STDLIB_H 1
| #define HAVE_STRING_H 1
| #define HAVE_MEMORY_H 1
| #define HAVE_STRINGS_H 1
| #define HAVE_INTTYPES_H 1
| #define HAVE_STDINT_H 1
| #define HAVE_UNISTD_H 1
| #define HAVE_SYS_TIME_H 1
| #define HAVE_UNISTD_H 1
| /* end confdefs.h.  */
| 
| 
| int
| main ()
| {
| return main ();
|   ;
|   return 0;
| }
configure:6542: result: no
configure:6554: checking for main in -lgmodule
configure:6583: gcc -o conftest -g -O2   conftest.c -lgmodule  -lm  >&5
ld: library not found for -lgmodule
collect2: ld returned 1 exit status
configure:6589: $? = 1
configure: failed program was:
| /* confdefs.h.  */
| #define PACKAGE_NAME ""
| #define PACKAGE_TARNAME ""
| #define PACKAGE_VERSION ""
| #define PACKAGE_STRING ""
| #define PACKAGE_BUGREPORT ""
| #define PACKAGE "yaplot"
| #define VERSION "3.3"
| #define HAVE_LIBM 1
| #define STDC_HEADERS 1
| #define HAVE_SYS_TYPES_H 1
| #define HAVE_SYS_STAT_H 1
| #define HAVE_STDLIB_H 1
| #define HAVE_STRING_H 1
| #define HAVE_MEMORY_H 1
| #define HAVE_STRINGS_H 1
| #define HAVE_INTTYPES_H 1
| #define HAVE_STDINT_H 1
| #define HAVE_UNISTD_H 1
| #define HAVE_SYS_TIME_H 1
| #define HAVE_UNISTD_H 1
| /* end confdefs.h.  */
| 
| 
| int
| main ()
| {
| return main ();
|   ;
|   return 0;
| }
configure:6607: result: no
configure:6619: checking for main in -lgtk
configure:6648: gcc -o conftest -g -O2   conftest.c -lgtk  -lm  >&5
ld: library not found for -lgtk
collect2: ld returned 1 exit status
configure:6654: $? = 1
configure: failed program was:
| /* confdefs.h.  */
| #define PACKAGE_NAME ""
| #define PACKAGE_TARNAME ""
| #define PACKAGE_VERSION ""
| #define PACKAGE_STRING ""
| #define PACKAGE_BUGREPORT ""
| #define PACKAGE "yaplot"
| #define VERSION "3.3"
| #define HAVE_LIBM 1
| #define STDC_HEADERS 1
| #define HAVE_SYS_TYPES_H 1
| #define HAVE_SYS_STAT_H 1
| #define HAVE_STDLIB_H 1
| #define HAVE_STRING_H 1
| #define HAVE_MEMORY_H 1
| #define HAVE_STRINGS_H 1
| #define HAVE_INTTYPES_H 1
| #define HAVE_STDINT_H 1
| #define HAVE_UNISTD_H 1
| #define HAVE_SYS_TIME_H 1
| #define HAVE_UNISTD_H 1
| /* end confdefs.h.  */
| 
| 
| int
| main ()
| {
| return main ();
|   ;
|   return 0;
| }
configure:6672: result: no
configure:6685: WARNING: Could not find gdk-pixbuf, recording feature is disabled.
configure:7087: creating ./config.status

## ---------------------- ##
## Running config.status. ##
## ---------------------- ##

This file was extended by config.status, which was
generated by GNU Autoconf 2.61.  Invocation command line was

  CONFIG_FILES    = 
  CONFIG_HEADERS  = 
  CONFIG_LINKS    = 
  CONFIG_COMMANDS = 
  $ ./config.status 

on vitroid-yellow.local

config.status:647: creating Makefile
config.status:647: creating config.h
config.status:922: executing depfiles commands

## ---------------- ##
## Cache variables. ##
## ---------------- ##

ac_cv_c_compiler_gnu=yes
ac_cv_c_const=yes
ac_cv_env_CC_set=
ac_cv_env_CC_value=
ac_cv_env_CFLAGS_set=
ac_cv_env_CFLAGS_value=
ac_cv_env_CPPFLAGS_set=
ac_cv_env_CPPFLAGS_value=
ac_cv_env_CPP_set=
ac_cv_env_CPP_value=
ac_cv_env_LDFLAGS_set=
ac_cv_env_LDFLAGS_value=
ac_cv_env_LIBS_set=
ac_cv_env_LIBS_value=
ac_cv_env_XMKMF_set=
ac_cv_env_XMKMF_value=
ac_cv_env_build_alias_set=
ac_cv_env_build_alias_value=
ac_cv_env_host_alias_set=
ac_cv_env_host_alias_value=
ac_cv_env_target_alias_set=
ac_cv_env_target_alias_value=
ac_cv_func_connect=yes
ac_cv_func_gethostbyname=yes
ac_cv_func_remove=yes
ac_cv_func_shmat=yes
ac_cv_have_x='have_x=yes	ac_x_includes='\'''\''	ac_x_libraries='\''/usr/X11/lib'\'''
ac_cv_header_gtk_gtk_h=no
ac_cv_header_inttypes_h=yes
ac_cv_header_memory_h=yes
ac_cv_header_stdc=yes
ac_cv_header_stdint_h=yes
ac_cv_header_stdlib_h=yes
ac_cv_header_string_h=yes
ac_cv_header_strings_h=yes
ac_cv_header_sys_stat_h=yes
ac_cv_header_sys_time_h=yes
ac_cv_header_sys_types_h=yes
ac_cv_header_unistd_h=yes
ac_cv_lib_ICE_IceConnectionNumber=yes
ac_cv_lib_gdk_main=no
ac_cv_lib_glib_main=no
ac_cv_lib_gmodule_main=no
ac_cv_lib_gtk_main=no
ac_cv_lib_m_main=yes
ac_cv_lib_m_powif=no
ac_cv_objext=o
ac_cv_path_EGREP='/usr/bin/grep -E'
ac_cv_path_GDK_PIXBUF_CONFIG=no
ac_cv_path_GREP=/usr/bin/grep
ac_cv_path_PKG_CONFIG=/usr/local/bin/pkg-config
ac_cv_path_install='/usr/bin/install -c'
ac_cv_prog_AWK=awk
ac_cv_prog_CPP='gcc -E'
ac_cv_prog_ac_ct_CC=gcc
ac_cv_prog_cc_c89=
ac_cv_prog_cc_g=yes
ac_cv_prog_make_make_set=yes
ac_cv_type_size_t=yes
am_cv_CC_dependencies_compiler_type=gcc3

## ----------------- ##
## Output variables. ##
## ----------------- ##

ACLOCAL='aclocal-1.10'
AMDEPBACKSLASH='\'
AMDEP_FALSE='#'
AMDEP_TRUE=''
AMTAR='tar'
AUTOCONF='autoconf'
AUTOHEADER='autoheader'
AUTOMAKE='automake-1.10'
AWK='awk'
CC='gcc'
CCDEPMODE='depmode=gcc3'
CFLAGS='-g -O2'
CPP='gcc -E'
CPPFLAGS=' -DYAPLOT_GTK'
CYGPATH_W='echo'
DEFS='-DHAVE_CONFIG_H'
DEPDIR='.deps'
ECHO_C='ECHO_N=''
ECHO_T=''
EGREP='/usr/bin/grep -E'
EXEEXT=''
GDK_PIXBUF_CONFIG='no'
GREP='/usr/bin/grep'
GTK_CFLAGS='-D_REENTRANT -I/usr/local/Cellar/gtk+/2.24.6/include/gtk-2.0 -I/usr/local/Cellar/gtk+/2.24.6/lib/gtk-2.0/include -I/usr/local/Cellar/atk/2.2.0/include/atk-1.0 -I/usr/local/Cellar/gdk-pixbuf/2.24.0/include/gdk-pixbuf-2.0 -I/usr/local/Cellar/pango/1.28.4/include/pango-1.0 -I/usr/local/Cellar/glib/2.28.4/include/glib-2.0 -I/usr/local/Cellar/glib/2.28.4/lib/glib-2.0/include -I/usr/local/Cellar/gettext/0.18.1.1/include -I/usr/local/Cellar/glib/2.28.4/include -I/usr/X11/include/cairo -I/usr/X11/include/pixman-1 -I/usr/X11/include -I/usr/X11/include/freetype2 -I/usr/X11/include/libpng15  '
GTK_LIBS='-L/usr/local/Cellar/gtk+/2.24.6/lib -L/usr/local/Cellar/atk/2.2.0/lib -L/usr/local/Cellar/gdk-pixbuf/2.24.0/lib -L/usr/local/Cellar/glib/2.28.4/lib -L/usr/local/Cellar/pango/1.28.4/lib -L/usr/local/Cellar/gettext/0.18.1.1/lib -L/usr/X11/lib -lgtk-x11-2.0 -lgdk-x11-2.0 -latk-1.0 -lgio-2.0 -lpangoft2-1.0 -lpangocairo-1.0 -lgdk_pixbuf-2.0 -lcairo -lpango-1.0 -lfreetype -lfontconfig -lgobject-2.0 -lgmodule-2.0 -lgthread-2.0 -lglib-2.0 -lintl  '
HAVE_POWIF=''
INSTALL_DATA='${INSTALL} -m 644'
INSTALL_PROGRAM='${INSTALL}'
INSTALL_SCRIPT='${INSTALL}'
INSTALL_STRIP_PROGRAM='$(install_sh) -c -s'
LDFLAGS=''
LIBOBJS=''
LIBS='-lm '
LN_S='ln -s'
LTLIBOBJS=''
MAKEINFO='makeinfo'
OBJEXT='o'
PACKAGE='yaplot'
PACKAGE_BUGREPORT=''
PACKAGE_NAME=''
PACKAGE_STRING=''
PACKAGE_TARNAME=''
PACKAGE_VERSION=''
PATH_SEPARATOR=':'
PKG_CONFIG='/usr/local/bin/pkg-config'
SET_MAKE=''
SHELL='/bin/sh'
STRIP=''
VERSION='3.3'
XMKMF=''
X_CFLAGS='-D_REENTRANT -I/usr/local/Cellar/gtk+/2.24.6/include/gtk-2.0 -I/usr/local/Cellar/gtk+/2.24.6/lib/gtk-2.0/include -I/usr/local/Cellar/atk/2.2.0/include/atk-1.0 -I/usr/local/Cellar/gdk-pixbuf/2.24.0/include/gdk-pixbuf-2.0 -I/usr/local/Cellar/pango/1.28.4/include/pango-1.0 -I/usr/local/Cellar/glib/2.28.4/include/glib-2.0 -I/usr/local/Cellar/glib/2.28.4/lib/glib-2.0/include -I/usr/local/Cellar/gettext/0.18.1.1/include -I/usr/local/Cellar/glib/2.28.4/include -I/usr/X11/include/cairo -I/usr/X11/include/pixman-1 -I/usr/X11/include -I/usr/X11/include/freetype2 -I/usr/X11/include/libpng15  '
X_EXTRA_LIBS=''
X_LIBS='-L/usr/local/Cellar/gtk+/2.24.6/lib -L/usr/local/Cellar/atk/2.2.0/lib -L/usr/local/Cellar/gdk-pixbuf/2.24.0/lib -L/usr/local/Cellar/glib/2.28.4/lib -L/usr/local/Cellar/pango/1.28.4/lib -L/usr/local/Cellar/gettext/0.18.1.1/lib -L/usr/X11/lib -lgtk-x11-2.0 -lgdk-x11-2.0 -latk-1.0 -lgio-2.0 -lpangoft2-1.0 -lpangocairo-1.0 -lgdk_pixbuf-2.0 -lcairo -lpango-1.0 -lfreetype -lfontconfig -lgobject-2.0 -lgmodule-2.0 -lgthread-2.0 -lglib-2.0 -lintl  '
X_PRE_LIBS=' -lSM -lICE'
YAPLOT='yaplot'
ac_ct_CC='gcc'
am__fastdepCC_FALSE='#'
am__fastdepCC_TRUE=''
am__include='include'
am__isrc=''
am__leading_dot='.'
am__quote=''
am__tar='${AMTAR} chof - "$$tardir"'
am__untar='${AMTAR} xf -'
bindir='${exec_prefix}/bin'
build_alias=''
datadir='${datarootdir}'
datarootdir='${prefix}/share'
docdir='${datarootdir}/doc/${PACKAGE}'
dvidir='${docdir}'
exec_prefix='${prefix}'
host_alias=''
htmldir='${docdir}'
includedir='${prefix}/include'
infodir='${datarootdir}/info'
install_sh='$(SHELL) /Users/matto/Shared/src/Tools/Yaplot2/install-sh'
libdir='${exec_prefix}/lib'
libexecdir='${exec_prefix}/libexec'
localedir='${datarootdir}/locale'
localstatedir='${prefix}/var'
mandir='${datarootdir}/man'
mkdir_p='$(top_builddir)/./install-sh -c -d'
oldincludedir='/usr/include'
pdfdir='${docdir}'
prefix='/usr/local'
program_transform_name='s,x,x,'
psdir='${docdir}'
sbindir='${exec_prefix}/sbin'
sharedstatedir='${prefix}/com'
sysconfdir='${prefix}/etc'
target_alias=''

## ----------- ##
## confdefs.h. ##
## ----------- ##

#define PACKAGE_NAME ""
#define PACKAGE_TARNAME ""
#define PACKAGE_VERSION ""
#define PACKAGE_STRING ""
#define PACKAGE_BUGREPORT ""
#define PACKAGE "yaplot"
#define VERSION "3.3"
#define HAVE_LIBM 1
#define STDC_HEADERS 1
#define HAVE_SYS_TYPES_H 1
#define HAVE_SYS_STAT_H 1
#define HAVE_STDLIB_H 1
#define HAVE_STRING_H 1
#define HAVE_MEMORY_H 1
#define HAVE_STRINGS_H 1
#define HAVE_INTTYPES_H 1
#define HAVE_STDINT_H 1
#define HAVE_UNISTD_H 1
#define HAVE_SYS_TIME_H 1
#define HAVE_UNISTD_H 1

configure: exit 0

## ---------------------- ##
## Running config.status. ##
## ---------------------- ##

This file was extended by config.status, which was
generated by GNU Autoconf 2.61.  Invocation command line was

  CONFIG_FILES    = 
  CONFIG_HEADERS  = 
  CONFIG_LINKS    = 
  CONFIG_COMMANDS = 
  $ ./config.status config.h

on vitroid-yellow.local

config.status:647: creating config.h
config.status:876: config.h is unchanged
